JvmtiExport can_access_local_variables 0
JvmtiExport can_hotswap_or_post_breakpoint 0
JvmtiExport can_post_on_exceptions 0
# 417 ciObject found
ciMethod java/lang/Object <init> ()V 4097 1 1954865 0 0
ciMethod java/lang/Object getClass ()Ljava/lang/Class; 3073 1 384 0 -1
ciMethod java/lang/Object hashCode ()I 2049 1 256 0 -1
ciMethod java/lang/Object equals (Ljava/lang/Object;)Z 2345 1 35209 0 64
ciMethod java/lang/String length ()I 3105 1 469969 0 -1
ciMethod java/lang/String charAt (I)C 4097 1 1985301 0 -1
ciMethod java/lang/String equals (Ljava/lang/Object;)Z 2049 10969 2338 0 -1
ciMethod java/lang/String lastIndexOf (Ljava/lang/String;)I 2049 1 15555 0 -1
ciMethod java/lang/String substring (I)Ljava/lang/String; 2049 1 5482 0 -1
ciMethod java/lang/Class isInstance (Ljava/lang/Object;)Z 2049 1 256 0 -1
ciMethod java/lang/Class isAssignableFrom (Ljava/lang/Class;)Z 2049 1 256 0 -1
ciMethod java/lang/Class isArray ()Z 2049 1 256 0 -1
ciMethod java/lang/Class getName ()Ljava/lang/String; 281 1 57964 0 -1
ciMethod java/lang/Class getSuperclass ()Ljava/lang/Class; 2049 1 256 0 -1
ciMethod java/lang/Class getComponentType ()Ljava/lang/Class; 3097 1 387 0 -1
ciMethod java/lang/Class getSimpleName ()Ljava/lang/String; 1801 1 13617 0 4800
ciMethod java/lang/Class isAsciiDigit (C)Z 137 1 12935 0 -1
ciMethod java/lang/Class getSimpleBinaryName ()Ljava/lang/String; 2049 1 8655 0 -1
ciMethod java/lang/Class getDeclaredFields ()[Ljava/lang/reflect/Field; 2049 1 988 0 -1
ciMethod java/lang/Class cast (Ljava/lang/Object;)Ljava/lang/Object; 2497 1 215576 0 192
ciMethod java/lang/Class cannotCastMsg (Ljava/lang/Object;)Ljava/lang/String; 0 0 1 0 -1
ciMethod java/lang/System arraycopy (Ljava/lang/Object;ILjava/lang/Object;II)V 4097 1 512 0 -1
ciMethod java/lang/System identityHashCode (Ljava/lang/Object;)I 2049 1 256 0 -1
ciMethod java/lang/Throwable getMessage ()Ljava/lang/String; 0 0 1 0 0
ciMethod java/lang/ClassCastException <init> (Ljava/lang/String;)V 0 0 1 0 -1
ciMethod java/lang/OutOfMemoryError <init> (Ljava/lang/String;)V 0 0 1 0 -1
ciMethod java/util/Map put (Ljava/lang/Object;Ljava/lang/Object;)Ljava/lang/Object; 0 0 1 0 -1
ciMethod java/lang/reflect/AccessibleObject setAccessible (Z)V 2057 1 7462 0 -1
ciMethod java/lang/reflect/AccessibleObject checkAccess (Ljava/lang/Class;Ljava/lang/Class;Ljava/lang/Object;I)V 33 1 66 0 0
ciMethod java/lang/reflect/AccessibleObject slowCheckMemberAccess (Ljava/lang/Class;Ljava/lang/Class;Ljava/lang/Object;ILjava/lang/Class;)V 65 1 8 0 -1
ciMethod java/lang/reflect/Field getDeclaringClass ()Ljava/lang/Class; 1025 1 128 0 0
ciMethod java/lang/reflect/Field getName ()Ljava/lang/String; 2945 1 368 0 -1
ciMethod java/lang/reflect/Field getModifiers ()I 1025 1 128 0 -1
ciMethod java/lang/reflect/Field getType ()Ljava/lang/Class; 1041 1 130 0 -1
ciMethod java/lang/reflect/Field getGenericType ()Ljava/lang/reflect/Type; 2049 1 358 0 -1
ciMethod java/lang/reflect/Field get (Ljava/lang/Object;)Ljava/lang/Object; 2065 1 5409 0 0
ciMethod java/lang/reflect/Field getFieldAccessor (Ljava/lang/Object;)Lsun/reflect/FieldAccessor; 2113 1 5592 0 0
ciMethod java/lang/reflect/Field acquireFieldAccessor (Z)Lsun/reflect/FieldAccessor; 417 1 145 0 0
ciMethod java/lang/reflect/Field getFieldAccessor (Z)Lsun/reflect/FieldAccessor; 1161 1 145 0 -1
ciMethod java/lang/reflect/Field setFieldAccessor (Lsun/reflect/FieldAccessor;Z)V 2049 1 290 0 -1
ciMethod sun/reflect/UnsafeFieldAccessorImpl ensureObj (Ljava/lang/Object;)V 3081 1 5477 0 0
ciMethod sun/reflect/UnsafeFieldAccessorImpl getSetMessage (Ljava/lang/String;Ljava/lang/String;)Ljava/lang/String; 0 0 1 0 -1
ciMethod sun/reflect/UnsafeFieldAccessorImpl throwSetIllegalArgumentException (Ljava/lang/String;Ljava/lang/String;)V 0 0 1 0 -1
ciMethod sun/reflect/UnsafeFieldAccessorImpl throwSetIllegalArgumentException (Ljava/lang/Object;)V 0 0 1 0 -1
ciMethod sun/reflect/FieldAccessor get (Ljava/lang/Object;)Ljava/lang/Object; 0 0 1 0 -1
ciMethod java/lang/StringBuilder <init> ()V 721 1 150524 0 -1
ciMethod java/lang/StringBuilder append (Ljava/lang/String;)Ljava/lang/StringBuilder; 1457 1 317852 0 -1
ciMethod java/lang/StringBuilder append (I)Ljava/lang/StringBuilder; 1 1 37081 0 -1
ciMethod java/lang/StringBuilder toString ()Ljava/lang/String; 793 1 138635 0 -1
ciMethod sun/misc/Unsafe getObject (Ljava/lang/Object;J)Ljava/lang/Object; 2049 1 256 0 -1
ciMethod sun/misc/Unsafe getObjectVolatile (Ljava/lang/Object;J)Ljava/lang/Object; 2049 1 256 0 -1
ciMethod java/util/Collection iterator ()Ljava/util/Iterator; 0 0 1 0 -1
ciMethod java/util/Collection toArray ()[Ljava/lang/Object; 0 0 1 0 -1
ciMethod java/util/Collection add (Ljava/lang/Object;)Z 0 0 1 0 -1
ciMethod java/util/List iterator ()Ljava/util/Iterator; 0 0 1 0 -1
ciMethod java/util/List addAll (Ljava/util/Collection;)Z 0 0 1 0 -1
ciMethod java/util/AbstractList <init> ()V 2049 1 111365 0 32
ciMethod java/util/AbstractCollection <init> ()V 425 1 350683 0 32
ciMethod sun/reflect/ReflectionFactory newFieldAccessor (Ljava/lang/reflect/Field;Z)Lsun/reflect/FieldAccessor; 1161 1 145 0 -1
ciMethod sun/reflect/ReflectionFactory checkInitted ()V 2049 1 1669 0 -1
ciMethod java/util/ArrayList <init> ()V 1417 1 63237 0 64
ciMethod java/util/ArrayList ensureCapacityInternal (I)V 457 1 47601 0 576
ciMethod java/util/ArrayList ensureExplicitCapacity (I)V 457 1 36611 0 544
ciMethod java/util/ArrayList grow (I)V 113 1 5207 0 544
ciMethod java/util/ArrayList hugeCapacity (I)I 0 0 1 0 -1
ciMethod java/util/ArrayList toArray ()[Ljava/lang/Object; 3545 1 8641 0 416
ciMethod java/util/ArrayList add (Ljava/lang/Object;)Z 457 1 33219 0 736
ciMethod java/util/ArrayList addAll (Ljava/util/Collection;)Z 25 1 6105 0 1024
ciMethod java/util/ArrayList iterator ()Ljava/util/Iterator; 2065 1 5378 0 160
ciMethod java/util/ArrayList access$000 (Ljava/util/ArrayList;)I 1033 1 129 0 0
ciMethod sun/reflect/Reflection getCallerClass ()Ljava/lang/Class; 2049 1 256 0 -1
ciMethod sun/reflect/Reflection getClassAccessFlags (Ljava/lang/Class;)I 2057 1 257 0 -1
ciMethod sun/reflect/Reflection quickCheckMemberAccess (Ljava/lang/Class;I)Z 641 1 3631 0 0
ciMethod sun/reflect/Reflection ensureMemberAccess (Ljava/lang/Class;Ljava/lang/Class;Ljava/lang/Object;I)V 153 1 19 0 -1
ciMethod sun/reflect/Reflection verifyMemberAccess (Ljava/lang/Class;Ljava/lang/Class;Ljava/lang/Object;I)Z 153 1 19 0 -1
ciMethod java/lang/Math max (II)I 593 1 90286 0 -1
ciMethod java/lang/Math min (II)I 2953 1 139891 0 -1
ciMethod java/lang/reflect/Modifier isPublic (I)Z 1153 1 15739 0 0
ciMethod java/lang/reflect/Modifier isProtected (I)Z 2145 1 2103 0 -1
ciMethod java/lang/reflect/Modifier isStatic (I)Z 2057 1 42605 0 -1
ciMethod java/lang/reflect/Modifier toString (I)Ljava/lang/String; 2041 1 18845 0 -1
ciMethod java/util/Arrays copyOf ([Ljava/lang/Object;I)[Ljava/lang/Object; 2049 1 15083 0 0
ciMethod java/util/Arrays copyOf ([Ljava/lang/Object;ILjava/lang/Class;)[Ljava/lang/Object; 2105 1 7553 0 -1
ciMethod java/util/Iterator hasNext ()Z 0 0 1 0 -1
ciMethod java/util/Iterator next ()Ljava/lang/Object; 0 0 1 0 -1
ciMethod java/lang/Enum ordinal ()I 1025 1 128 0 0
ciMethodData java/lang/Object <init> ()V 2 1954871 orig 264 56 173 166 112 0 0 0 0 128 4 203 21 0 0 0 0 32 1 0 0 0 0 0 0 0 0 0 0 0 0 0 0 0 0 0 0 0 0 0 0 0 0 0 0 0 0 0 0 0 0 0 0 0 0 0 0 0 0 0 0 0 0 0 0 0 0 0 0 0 0 0 0 0 0 0 0 0 0 0 0 77 68 79 32 101 120 116 114 97 32 100 97 116 97 32 108 111 99 107 0 0 0 0 0 0 0 0 0 0 0 0 0 0 0 0 0 0 0 0 0 0 0 0 0 0 0 0 0 0 0 0 0 0 0 0 0 0 0 0 0 0 0 0 0 0 0 0 0 0 0 0 0 0 0 0 0 0 0 0 0 0 0 0 0 0 0 0 0 0 0 0 0 0 0 0 0 0 0 0 0 0 0 0 0 1 0 0 0 0 0 0 0 1 0 0 0 0 0 0 0 1 0 0 0 0 0 0 0 0 0 0 0 0 0 0 0 0 2 0 0 185 145 238 0 1 0 0 0 0 0 0 0 0 0 0 0 2 0 0 0 0 0 3 0 1 0 0 0 0 0 0 0 255 255 255 255 0 0 0 0 0 0 0 0 data 0 oops 0
ciMethod java/lang/IllegalArgumentException <init> (Ljava/lang/String;)V 0 0 27 0 -1
ciMethod java/lang/reflect/Array newInstance (Ljava/lang/Class;I)Ljava/lang/Object; 945 1 9968 0 -1
ciMethod java/util/concurrent/ConcurrentMap putIfAbsent (Ljava/lang/Object;Ljava/lang/Object;)Ljava/lang/Object; 0 0 1 0 -1
ciMethod java/util/concurrent/ConcurrentMap get (Ljava/lang/Object;)Ljava/lang/Object; 0 0 1 0 -1
ciMethod java/util/concurrent/ConcurrentHashMap spread (I)I 2049 1 29566 0 0
ciMethod java/util/concurrent/ConcurrentHashMap tabAt ([Ljava/util/concurrent/ConcurrentHashMap$Node;I)Ljava/util/concurrent/ConcurrentHashMap$Node; 2233 1 43857 0 64
ciMethod java/util/concurrent/ConcurrentHashMap casTabAt ([Ljava/util/concurrent/ConcurrentHashMap$Node;ILjava/util/concurrent/ConcurrentHashMap$Node;Ljava/util/concurrent/ConcurrentHashMap$Node;)Z 1921 1 7883 0 -1
ciMethod java/util/concurrent/ConcurrentHashMap get (Ljava/lang/Object;)Ljava/lang/Object; 2065 97 11626 0 640
ciMethod java/util/concurrent/ConcurrentHashMap putVal (Ljava/lang/Object;Ljava/lang/Object;Z)Ljava/lang/Object; 2049 321 15326 0 -1
ciMethod java/util/concurrent/ConcurrentHashMap putIfAbsent (Ljava/lang/Object;Ljava/lang/Object;)Ljava/lang/Object; 2049 1 22021 0 64
ciMethod java/util/concurrent/ConcurrentHashMap initTable ()[Ljava/util/concurrent/ConcurrentHashMap$Node; 41 1 630 0 -1
ciMethod java/util/concurrent/ConcurrentHashMap addCount (JI)V 1833 49 7640 0 -1
ciMethod java/util/concurrent/ConcurrentHashMap helpTransfer ([Ljava/util/concurrent/ConcurrentHashMap$Node;Ljava/util/concurrent/ConcurrentHashMap$Node;)[Ljava/util/concurrent/ConcurrentHashMap$Node; 0 0 1 0 -1
ciMethod java/util/concurrent/ConcurrentHashMap treeifyBin ([Ljava/util/concurrent/ConcurrentHashMap$Node;I)V 0 0 1 0 -1
ciMethod java/util/concurrent/ConcurrentHashMap$Node <init> (ILjava/lang/Object;Ljava/lang/Object;Ljava/util/concurrent/ConcurrentHashMap$Node;)V 2049 1 13317 0 -1
ciMethod java/util/concurrent/ConcurrentHashMap$Node find (ILjava/lang/Object;)Ljava/util/concurrent/ConcurrentHashMap$Node; 0 0 1 0 -1
ciMethodData java/util/concurrent/ConcurrentHashMap tabAt ([Ljava/util/concurrent/ConcurrentHashMap$Node;I)Ljava/util/concurrent/ConcurrentHashMap$Node; 2 43857 orig 264 56 173 166 112 0 0 0 0 88 31 229 21 0 0 0 0 176 1 0 0 0 0 0 0 0 0 0 0 0 0 0 0 0 0 0 0 0 0 0 0 0 0 0 0 0 0 0 0 0 0 0 0 0 0 0 0 0 0 0 0 0 0 0 0 0 0 0 0 0 0 0 0 0 0 0 0 0 0 0 0 77 68 79 32 101 120 116 114 97 32 100 97 116 97 32 108 111 99 107 0 0 0 0 0 0 0 0 0 0 0 0 0 0 0 0 0 0 0 0 0 0 0 0 0 0 0 0 0 0 0 0 0 0 0 0 0 0 0 0 0 0 0 0 0 0 0 0 0 0 0 0 0 0 0 0 0 0 0 0 0 0 0 0 0 0 0 0 0 0 0 0 0 0 0 0 0 0 0 0 0 0 0 0 0 0 0 0 0 0 0 0 0 0 0 0 0 0 0 0 0 0 0 0 0 0 0 0 0 0 0 0 0 0 0 0 0 19 1 0 0 209 81 5 0 1 0 0 0 0 0 0 0 0 0 0 0 2 0 0 0 0 0 3 0 2 0 0 0 96 0 0 0 255 255 255 255 5 0 14 0 0 0 0 0 data 12 0xe0005 0x78 0x0 0x0 0x0 0x0 0x110104 0x0 0x19b06510 0x7e3e 0x1eb05040 0x5e0 oops 2